   1               		.file	"SwNLed.c"
   2               	__SREG__ = 0x3f
   3               	__SP_H__ = 0x3e
   4               	__SP_L__ = 0x3d
   5               	__CCP__  = 0x34
   6               	__tmp_reg__ = 0
   7               	__zero_reg__ = 1
   8               		.global __do_copy_data
   9               		.global __do_clear_bss
  17               	.Ltext0:
  18               	.global	SLInit
  20               	SLInit:
  21               	.LFB2:
  22               	.LM1:
  23               	/* prologue: function */
  24               	/* frame size = 0 */
  25               	.LM2:
  26 0000 C79A      		sbi 56-32,7
  27               	.LM3:
  28 0002 C698      		cbi 56-32,6
  29               	.LM4:
  30 0004 82B3      		in r24,50-32
  31 0006 8C6C      		ori r24,lo8(-52)
  32 0008 82BB      		out 50-32,r24
  33               	/* epilogue start */
  34               	.LM5:
  35 000a 0895      		ret
  36               	.LFE2:
  38               	.global	SLCheckSwStatusStart
  40               	SLCheckSwStatusStart:
  41               	.LFB4:
  42               	.LM6:
  43               	/* prologue: function */
  44               	/* frame size = 0 */
  45               	.LM7:
  46 000c CE9B      		sbis 57-32,6
  47 000e 00C0      		rjmp .L4
  48 0010 80E0      		ldi r24,lo8(0)
  49 0012 0895      		ret
  50               	.L4:
  51               	.LM8:
  52 0014 C69A      		sbi 56-32,6
  53               	.LM9:
  54 0016 C798      		cbi 56-32,7
  55               	.LM10:
  56 0018 80E0      		ldi r24,lo8(0)
  57 001a 0E94 0000 		call moteurSetMode
  58 001e 81E0      		ldi r24,lo8(1)
  59               	.LM11:
  60 0020 0895      		ret
  61               	.LFE4:
  63               	.global	SLCheckSwStatusStop
  65               	SLCheckSwStatusStop:
  66               	.LFB3:
  67               	.LM12:
  68               	/* prologue: function */
  69               	/* frame size = 0 */
  70               	.LM13:
  71 0022 CF9B      		sbis 57-32,7
  72 0024 00C0      		rjmp .L8
  73 0026 80E0      		ldi r24,lo8(0)
  74 0028 0895      		ret
  75               	.L8:
  76               	.LM14:
  77 002a C79A      		sbi 56-32,7
  78               	.LM15:
  79 002c C19A      		sbi 56-32,1
  80               	.LM16:
  81 002e C698      		cbi 56-32,6
  82               	.LM17:
  83 0030 82B3      		in r24,50-32
  84 0032 8C6C      		ori r24,lo8(-52)
  85 0034 82BB      		out 50-32,r24
  86               	.LM18:
  87 0036 82E0      		ldi r24,lo8(2)
  88 0038 0E94 0000 		call moteurSetMode
  89 003c 81E0      		ldi r24,lo8(1)
  90               	.LM19:
  91 003e 0895      		ret
  92               	.LFE3:
 134               	.Letext0:
DEFINED SYMBOLS
                            *ABS*:00000000 SwNLed.c
C:\Users\Jonathan\AppData\Local\Temp/ccnq0C1S.s:2      *ABS*:0000003f __SREG__
C:\Users\Jonathan\AppData\Local\Temp/ccnq0C1S.s:3      *ABS*:0000003e __SP_H__
C:\Users\Jonathan\AppData\Local\Temp/ccnq0C1S.s:4      *ABS*:0000003d __SP_L__
C:\Users\Jonathan\AppData\Local\Temp/ccnq0C1S.s:5      *ABS*:00000034 __CCP__
C:\Users\Jonathan\AppData\Local\Temp/ccnq0C1S.s:6      *ABS*:00000000 __tmp_reg__
C:\Users\Jonathan\AppData\Local\Temp/ccnq0C1S.s:7      *ABS*:00000001 __zero_reg__
C:\Users\Jonathan\AppData\Local\Temp/ccnq0C1S.s:20     .text:00000000 SLInit
C:\Users\Jonathan\AppData\Local\Temp/ccnq0C1S.s:40     .text:0000000c SLCheckSwStatusStart
C:\Users\Jonathan\AppData\Local\Temp/ccnq0C1S.s:65     .text:00000022 SLCheckSwStatusStop

UNDEFINED SYMBOLS
__do_copy_data
__do_clear_bss
moteurSetMode
